<?xml version="1.0" encoding="UTF-8"?>
<!-- Generated by org.testng.reporters.JUnitXMLReporter -->
<testsuite hostname="TGS153" ignored="3" name="CalcuQuote_Material_Costing_Module_TestCases(failed)(failed)" tests="1" failures="0" timestamp="24 Jan 2020 06:30:41 GMT" time="446.208" errors="0">
  <testcase name="Material_Costing_TestCase_04" time="413.519" classname="com.automation.index.CalcuQuote_Material_Costing_Index"/>
  <testcase name="Material_Costing_TestCase_03" time="0.0" classname="com.automation.index.CalcuQuote_Material_Costing_Index">
    <ignored/>
  </testcase> <!-- Material_Costing_TestCase_03 -->
  <testcase name="Material_Costing_TestCase_02" time="0.0" classname="com.automation.index.CalcuQuote_Material_Costing_Index">
    <ignored/>
  </testcase> <!-- Material_Costing_TestCase_02 -->
  <testcase name="Material_Costing_TestCase_01" time="0.0" classname="com.automation.index.CalcuQuote_Material_Costing_Index">
    <ignored/>
  </testcase> <!-- Material_Costing_TestCase_01 -->
</testsuite> <!-- CalcuQuote_Material_Costing_Module_TestCases(failed)(failed) -->
