<?xml version="1.0" encoding="UTF-8"?>
<!-- Generated by org.testng.reporters.JUnitXMLReporter -->
<testsuite hostname="TGS153" ignored="0" name="CalcuQuote_Login_Module_TestCases" tests="2" failures="0" timestamp="24 Oct 2019 07:28:38 GMT" time="118.915" errors="0">
  <testcase name="Signin_TestCase_02" time="14.474" classname="com.automation.index.CalcuQuote_Login_Index"/>
  <testcase name="Signin_TestCase_01" time="56.426" classname="com.automation.index.CalcuQuote_Login_Index"/>
</testsuite> <!-- CalcuQuote_Login_Module_TestCases -->
