<?xml version="1.0" encoding="UTF-8"?>
<!-- Generated by org.testng.reporters.JUnitXMLReporter -->
<testsuite hostname="TGS153" ignored="0" name="CalcuQuote_NRE_Module_TestCases" tests="2" failures="0" timestamp="13 Nov 2019 09:27:15 GMT" time="291.14" errors="0">
  <testcase name="NRE_TestCase_01" time="162.912" classname="com.automation.index.CalcuQuote_NRE_Index"/>
  <testcase name="NRE_TestCase_02" time="76.895" classname="com.automation.index.CalcuQuote_NRE_Index"/>
</testsuite> <!-- CalcuQuote_NRE_Module_TestCases -->
