<?xml version="1.0" encoding="UTF-8"?>
<!-- Generated by org.testng.reporters.JUnitXMLReporter -->
<testsuite hostname="TGS153" ignored="1" name="CalcuQuote_NRE_Module_TestCases" tests="1" failures="0" timestamp="13 Nov 2019 05:25:25 GMT" time="99.342" errors="0">
  <testcase name="NRE_TestCase_02" time="70.79" classname="com.automation.index.CalcuQuote_NRE_Index"/>
  <testcase name="NRE_TestCase_01" time="0.0" classname="com.automation.index.CalcuQuote_NRE_Index">
    <ignored/>
  </testcase> <!-- NRE_TestCase_01 -->
</testsuite> <!-- CalcuQuote_NRE_Module_TestCases -->
