<?xml version="1.0" encoding="UTF-8"?>
<!-- Generated by org.testng.reporters.JUnitXMLReporter -->
<testsuite hostname="TGS153" ignored="1" name="CalcuQuote_BOM_Module_TestCases" tests="1" failures="0" timestamp="14 Nov 2019 09:49:35 GMT" time="100.755" errors="0">
  <testcase name="BOM_TestCase_02" time="77.519" classname="com.automation.index.CalcuQuote_BOM_Index"/>
  <testcase name="BOM_TestCase_01" time="0.0" classname="com.automation.index.CalcuQuote_BOM_Index">
    <ignored/>
  </testcase> <!-- BOM_TestCase_01 -->
</testsuite> <!-- CalcuQuote_BOM_Module_TestCases -->
