<?xml version="1.0" encoding="UTF-8"?>
<!-- Generated by org.testng.reporters.JUnitXMLReporter -->
<testsuite hostname="TGS153" ignored="5" name="CalcuQuote_Material_Costing_Module_TestCases" tests="1" failures="0" timestamp="07 Feb 2020 11:59:45 GMT" time="341.149" errors="0">
  <testcase name="Material_Costing_TestCase_06" time="309.251" classname="com.automation.index.CalcuQuote_Material_Costing_Index"/>
  <testcase name="Material_Costing_TestCase_05" time="0.0" classname="com.automation.index.CalcuQuote_Material_Costing_Index">
    <ignored/>
  </testcase> <!-- Material_Costing_TestCase_05 -->
  <testcase name="Material_Costing_TestCase_03" time="0.0" classname="com.automation.index.CalcuQuote_Material_Costing_Index">
    <ignored/>
  </testcase> <!-- Material_Costing_TestCase_03 -->
  <testcase name="Material_Costing_TestCase_02" time="0.0" classname="com.automation.index.CalcuQuote_Material_Costing_Index">
    <ignored/>
  </testcase> <!-- Material_Costing_TestCase_02 -->
  <testcase name="Material_Costing_TestCase_01" time="0.0" classname="com.automation.index.CalcuQuote_Material_Costing_Index">
    <ignored/>
  </testcase> <!-- Material_Costing_TestCase_01 -->
  <testcase name="Material_Costing_TestCase_04" time="0.0" classname="com.automation.index.CalcuQuote_Material_Costing_Index">
    <ignored/>
  </testcase> <!-- Material_Costing_TestCase_04 -->
</testsuite> <!-- CalcuQuote_Material_Costing_Module_TestCases -->
