<?xml version="1.0" encoding="UTF-8"?>
<!-- Generated by org.testng.reporters.JUnitXMLReporter -->
<testsuite hostname="TGS153" ignored="0" name="CalcuQuote_Login_Module_TestCases" tests="2" failures="0" timestamp="07 Feb 2020 12:27:03 GMT" time="147.158" errors="0">
  <testcase name="Signin_TestCase_01" time="72.648" classname="com.automation.index.CalcuQuote_Login_Index"/>
  <testcase name="Signin_TestCase_02" time="15.065" classname="com.automation.index.CalcuQuote_Login_Index"/>
</testsuite> <!-- CalcuQuote_Login_Module_TestCases -->
