<?xml version="1.0" encoding="UTF-8"?>
<!-- Generated by org.testng.reporters.JUnitXMLReporter -->
<testsuite hostname="TGS153" ignored="2" name="CalcuQuote_BOM_Module_TestCases" tests="1" failures="0" timestamp="18 Nov 2019 06:57:06 GMT" time="291.172" errors="0">
  <testcase name="BOM_TestCase_03" time="261.266" classname="com.automation.index.CalcuQuote_BOM_Index"/>
  <testcase name="BOM_TestCase_01" time="0.0" classname="com.automation.index.CalcuQuote_BOM_Index">
    <ignored/>
  </testcase> <!-- BOM_TestCase_01 -->
  <testcase name="BOM_TestCase_02" time="0.0" classname="com.automation.index.CalcuQuote_BOM_Index">
    <ignored/>
  </testcase> <!-- BOM_TestCase_02 -->
</testsuite> <!-- CalcuQuote_BOM_Module_TestCases -->
