<?xml version="1.0" encoding="UTF-8"?>
<!-- Generated by org.testng.reporters.JUnitXMLReporter -->
<testsuite hostname="TGS153" ignored="0" name="Regression Suite" tests="7" failures="0" timestamp="23 Oct 2019 06:52:25 GMT" time="1037.492" errors="0">
  <testcase name="Signin_TestCase_02" time="14.567" classname="com.automation.index.CalcuQuote_Login_Index"/>
  <testcase name="Signin_TestCase_01" time="60.7" classname="com.automation.index.CalcuQuote_Login_Index"/>
  <testcase name="RFQ_TestCase_01" time="90.255" classname="com.automation.index.CalcuQuote_Login_Index"/>
  <testcase name="BOM_TestCase_01" time="98.466" classname="com.automation.index.CalcuQuote_Login_Index"/>
  <testcase name="NRE_TestCase_01" time="210.686" classname="com.automation.index.CalcuQuote_Login_Index"/>
  <testcase name="Labor_TestCase_01" time="129.539" classname="com.automation.index.CalcuQuote_Login_Index"/>
  <testcase name="Material_Costing_TestCase_01" time="253.055" classname="com.automation.index.CalcuQuote_Login_Index"/>
</testsuite> <!-- Regression Suite -->
