<?xml version="1.0" encoding="UTF-8"?>
<testsuite xmlns:xsi="http://www.w3.org/2001/XMLSchema-instance" xsi:noNamespaceSchemaLocation="https://maven.apache.org/surefire/maven-surefire-plugin/xsd/surefire-test-report.xsd" name="TestSuite" time="190.881" tests="1" errors="0" skipped="0" failures="1">
  <properties>
[...]
</properties>
  <testcase name="Material_Costing_TestCase_03" classname="com.automation.index.CalcuQuote_Material_Costing_Index" time="165.738">
    <failure message="Expected condition failed: waiting for element to be clickable: [[ChromeDriver: chrome on XP (b5cb15a42d9577e731719e25b953e3d4)] -&gt; xpath: //button[@id=&apos;btnSubmit&apos;]] (tried for 5 second(s) with 500 milliseconds interval)&#10;Build info: version: &apos;3.13.0&apos;, revision: &apos;2f0d292&apos;, time: &apos;2018-06-25T15:24:21.231Z&apos;&#10;System info: host: &apos;TGS153&apos;, ip: &apos;192.168.0.153&apos;, os.name: &apos;Windows 10&apos;, os.arch: &apos;amd64&apos;, os.version: &apos;10.0&apos;, java.version: &apos;1.8.0_221&apos;&#10;Driver info: org.openqa.selenium.chrome.ChromeDriver&#10;Capabilities {acceptInsecureCerts: false, acceptSslCerts: false, applicationCacheEnabled: false, browserConnectionEnabled: false, browserName: chrome, chrome: {chromedriverVersion: 2.41.578737 (49da6702b16031..., userDataDir: C:\Users\admin\AppData\Loca...}, cssSelectorsEnabled: true, databaseEnabled: false, goog:chromeOptions: {debuggerAddress: localhost:2832}, handlesAlerts: true, hasTouchScreen: false, javascriptEnabled: true, locationContextEnabled: true, mobileEmulationEnabled: false, nativeEvents: true, networkConnectionEnabled: false, pageLoadStrategy: normal, platform: XP, platformName: XP, rotatable: false, setWindowRect: true, takesHeapSnapshot: true, takesScreenshot: true, unexpectedAlertBehaviour: , unhandledPromptBehavior: , version: 79.0.3945.79, webStorageEnabled: true}&#10;Session ID: b5cb15a42d9577e731719e25b953e3d4" type="org.openqa.selenium.TimeoutException">org.openqa.selenium.TimeoutException: 
Expected condition failed: waiting for element to be clickable: [[ChromeDriver: chrome on XP (b5cb15a42d9577e731719e25b953e3d4)] -> xpath: //button[@id='btnSubmit']] (tried for 5 second(s) with 500 milliseconds interval)
Build info: version: '3.13.0', revision: '2f0d292', time: '2018-06-25T15:24:21.231Z'
System info: host: 'TGS153', ip: '192.168.0.153', os.name: 'Windows 10', os.arch: 'amd64', os.version: '10.0', java.version: '1.8.0_221'
Driver info: org.openqa.selenium.chrome.ChromeDriver
Capabilities {acceptInsecureCerts: false, acceptSslCerts: false, applicationCacheEnabled: false, browserConnectionEnabled: false, browserName: chrome, chrome: {chromedriverVersion: 2.41.578737 (49da6702b16031..., userDataDir: C:\Users\admin\AppData\Loca...}, cssSelectorsEnabled: true, databaseEnabled: false, goog:chromeOptions: {debuggerAddress: localhost:2832}, handlesAlerts: true, hasTouchScreen: false, javascriptEnabled: true, locationContextEnabled: true, mobileEmulationEnabled: false, nativeEvents: true, networkConnectionEnabled: false, pageLoadStrategy: normal, platform: XP, platformName: XP, rotatable: false, setWindowRect: true, takesHeapSnapshot: true, takesScreenshot: true, unexpectedAlertBehaviour: , unhandledPromptBehavior: , version: 79.0.3945.79, webStorageEnabled: true}
Session ID: b5cb15a42d9577e731719e25b953e3d4
	at com.automation.index.CalcuQuote_Material_Costing_Index.Material_Costing_TestCase_03(CalcuQuote_Material_Costing_Index.java:305)
</failure>
    <system-out><![CDATA[[TestNG] [WARN] Could not find reporter class : listenReport.Reporter
[TestNGContentHandler] [WARN] It is strongly recommended to add "<!DOCTYPE suite SYSTEM "http://testng.org/testng-1.0.dtd" >" at the top of your file, otherwise TestNG may fail or not work as expected.
...
... TestNG 6.14.2 by Cédric Beust (cedric@beust.com)
...

User prifile name :Vipul Patel
Test Name :CalcuQuote_Material_Costing_Module_TestCases
Browser Name:chrome
 Before Test 
I am in onStart method CalcuQuote_Material_Costing_Module_TestCases
User prifile name :Vipul Patel
Test Name :CalcuQuote_Material_Costing_Module_TestCases
Browser Name:chrome
 Before Test 
Set up Start =====
creating directory: 
DIR created
=========Chorme Driver ==========
User prifile name :Vipul Patel
I am in onTestStart method Material_Costing_TestCase_03 start
GetTest Method called
CalcuQuote_BOM::To verify [CQPS]Total Qty calculation with different Part Class[ex. SMT Active, SMT BGA, SMT Passive etc]
Step 1:Open : https://qa.calcuquote.com/Staging2/
Url Display on windowhttps://qalogin.calcuquote.com/identity/login?signin=0e5a3127d8ca3327c2d7c6bbdf97b113
-----> Verified CalcuQuote home page is open <-----

Step 2: Enter Valid Credentials
---> Enter Username <---
---> Enter Password <---
============Apply NOw:::::::::Test::::::Login
---> Click on Login Button <---
Step 3: Select one of the existing RFQ
============Apply NOw:::::::::Test::::::
---> Click on RFQ List icon <---
Assembly no read from the text file:Automation_cKY
---> Enter Assembly No. <---
============Apply NOw:::::::::Test::::::18116
---> Click on Assembly Id. <---
Step 4: Add Line Item Manually
============Apply NOw:::::::::Test::::::
---> Click On Action Menu <---
============Apply NOw:::::::::Test::::::Delete BOM
---> Click On Delete BOM <---
============Apply NOw:::::::::Test::::::Delete
---> Click On Delete button<---
============Apply NOw:::::::::Test::::::
---> Click On + Icon <---
---> Enter Line No <---
============Apply NOw:::::::::Test::::::
---> Click on Qty on Brd Text Field <---
---> Enter Qty/Brd <---
============Apply NOw:::::::::Test::::::
---> Click On MPN Field <---
---> Enter MPN <---
============Apply NOw:::::::::Test::::::
---> Click On Part Class Field <---
---> Select Part Class <---
Step 5: Edit Part Class Manually
============Apply NOw:::::::::Test::::::BOM
---> Click On BOM tab <---
============Apply NOw:::::::::Test::::::
---> Click On Part Class Field <---
---> Select Part Class <---
============Apply NOw:::::::::Test::::::10
---> Click on Qty on Brd Text Field <---
Lead Qty:5
Attr Rate:3
Step 6: Submit BOM
]]></system-out>
    <system-err><![CDATA[File Path ==================C:\Users\admin\eclipse-workspace\CalcuQuote\Resources\chromedriver_2_41.exe
Dec 14, 2019 3:09:14 PM org.openqa.selenium.remote.DesiredCapabilities chrome
INFO: Using `new ChromeOptions()` is preferred to `DesiredCapabilities.chrome()`
Starting ChromeDriver 2.41.578737 (49da6702b16031c40d63e5618de03a32ff6c197e) on port 5857
Only local connections are allowed.
[1576316359.419][WARNING]: Timed out connecting to Chrome, retrying...
Dec 14, 2019 3:09:21 PM org.openqa.selenium.remote.ProtocolHandshake createSession
INFO: Detected dialect: OSS
[1576316363.489][WARNING]: Timed out connecting to Chrome, retrying...
]]></system-err>
  </testcase>
</testsuite>