<?xml version="1.0" encoding="UTF-8"?>
<testsuite xmlns:xsi="http://www.w3.org/2001/XMLSchema-instance" xsi:noNamespaceSchemaLocation="https://maven.apache.org/surefire/maven-surefire-plugin/xsd/surefire-test-report.xsd" name="TestSuite" time="397.391" tests="2" errors="0" skipped="0" failures="2">
  <properties>
[...]
</properties>
  <testcase name="Material_Costing_TestCase_02" classname="com.automation.index.CalcuQuote_Material_Costing_Index" time="191.238">
    <failure message="Expected condition failed: waiting for element to be clickable: [[ChromeDriver: chrome on XP (6c58e474142c000600591f63aa45a6ba)] -&gt; xpath: //button[text()=&apos;Submit&apos;]//i] (tried for 5 second(s) with 500 milliseconds interval)&#10;Build info: version: &apos;3.13.0&apos;, revision: &apos;2f0d292&apos;, time: &apos;2018-06-25T15:24:21.231Z&apos;&#10;System info: host: &apos;TGS153&apos;, ip: &apos;192.168.0.153&apos;, os.name: &apos;Windows 10&apos;, os.arch: &apos;amd64&apos;, os.version: &apos;10.0&apos;, java.version: &apos;1.8.0_221&apos;&#10;Driver info: org.openqa.selenium.chrome.ChromeDriver&#10;Capabilities {acceptInsecureCerts: false, acceptSslCerts: false, applicationCacheEnabled: false, browserConnectionEnabled: false, browserName: chrome, chrome: {chromedriverVersion: 2.41.578737 (49da6702b16031..., userDataDir: C:\Users\admin\AppData\Loca...}, cssSelectorsEnabled: true, databaseEnabled: false, goog:chromeOptions: {debuggerAddress: localhost:1093}, handlesAlerts: true, hasTouchScreen: false, javascriptEnabled: true, locationContextEnabled: true, mobileEmulationEnabled: false, nativeEvents: true, networkConnectionEnabled: false, pageLoadStrategy: normal, platform: XP, platformName: XP, rotatable: false, setWindowRect: true, takesHeapSnapshot: true, takesScreenshot: true, unexpectedAlertBehaviour: , unhandledPromptBehavior: , version: 79.0.3945.130, webStorageEnabled: true}&#10;Session ID: 6c58e474142c000600591f63aa45a6ba" type="org.openqa.selenium.TimeoutException">org.openqa.selenium.TimeoutException: 
Expected condition failed: waiting for element to be clickable: [[ChromeDriver: chrome on XP (6c58e474142c000600591f63aa45a6ba)] -> xpath: //button[text()='Submit']//i] (tried for 5 second(s) with 500 milliseconds interval)
Build info: version: '3.13.0', revision: '2f0d292', time: '2018-06-25T15:24:21.231Z'
System info: host: 'TGS153', ip: '192.168.0.153', os.name: 'Windows 10', os.arch: 'amd64', os.version: '10.0', java.version: '1.8.0_221'
Driver info: org.openqa.selenium.chrome.ChromeDriver
Capabilities {acceptInsecureCerts: false, acceptSslCerts: false, applicationCacheEnabled: false, browserConnectionEnabled: false, browserName: chrome, chrome: {chromedriverVersion: 2.41.578737 (49da6702b16031..., userDataDir: C:\Users\admin\AppData\Loca...}, cssSelectorsEnabled: true, databaseEnabled: false, goog:chromeOptions: {debuggerAddress: localhost:1093}, handlesAlerts: true, hasTouchScreen: false, javascriptEnabled: true, locationContextEnabled: true, mobileEmulationEnabled: false, nativeEvents: true, networkConnectionEnabled: false, pageLoadStrategy: normal, platform: XP, platformName: XP, rotatable: false, setWindowRect: true, takesHeapSnapshot: true, takesScreenshot: true, unexpectedAlertBehaviour: , unhandledPromptBehavior: , version: 79.0.3945.130, webStorageEnabled: true}
Session ID: 6c58e474142c000600591f63aa45a6ba
	at com.automation.index.CalcuQuote_Material_Costing_Index.Material_Costing_TestCase_02(CalcuQuote_Material_Costing_Index.java:215)
</failure>
    <system-out><![CDATA[[TestNG] [WARN] Could not find reporter class : listenReport.Reporter
[TestNGContentHandler] [WARN] It is strongly recommended to add "<!DOCTYPE suite SYSTEM "http://testng.org/testng-1.0.dtd" >" at the top of your file, otherwise TestNG may fail or not work as expected.
...
... TestNG 6.14.2 by Cédric Beust (cedric@beust.com)
...

User profile name :Vipul Patel
Test Name :CalcuQuote_Material_Costing_Module_TestCases
Browser Name:chrome
 Before Test 
I am in onStart method CalcuQuote_Material_Costing_Module_TestCases
User profile name :Vipul Patel
Test Name :CalcuQuote_Material_Costing_Module_TestCases
Browser Name:chrome
 Before Test 
Set up Start =====
creating directory: 
DIR created
=========Chorme Driver ==========
User profile name :Vipul Patel
I am in onTestStart method Material_Costing_TestCase_02 start
GetTest Method called
CQ_Material_Costing::To verify [CQPS]Total Qty calculation with different combination of inputs 
Step 1:Open : https://qa.calcuquote.com/Staging2/
Url Display on windowhttps://qalogin.calcuquote.com/identity/login?signin=4b09d5e68ccac4fda1c65e838304f6c2
-----> Verified CalcuQuote home page is open <-----
Step 2: Enter Valid Credentials
---> Enter Username <---
---> Enter Password <---
============Apply NOw:::::::::Test::::::Login
---> Click on Login Button <---
Step 3: Select one of the existing RFQ
============Apply NOw:::::::::Test::::::
---> Click on RFQ List icon <---
Assembly no read from the text file:Automation_rBD
---> Enter Assembly No. <---
============Apply NOw:::::::::Test::::::18405
---> Click on Assembly Id. <---
Step 4: Import BOM
============Apply NOw:::::::::Test::::::
---> Click On Action Menu <---
============Apply NOw:::::::::Test::::::Delete BOM
---> Click On Delete BOM <---
============Apply NOw:::::::::Test::::::Delete
---> Click On Delete button<---
============Apply NOw:::::::::Test::::::
---> File Selected for Import <---
============Apply NOw:::::::::Test::::::Import
---> BOM imported <---
-----> Verified BOM Imported Successfully <-----
Step 5: Submit BOM
============Apply NOw:::::::::Test::::::Submit
---> Click on BOM Submit Button <---
]]></system-out>
    <system-err><![CDATA[File Path ==================C:\Users\admin\eclipse-workspace\CalcuQuote\Resources\chromedriver_2_41.exe
Jan 24, 2020 11:24:10 AM org.openqa.selenium.remote.DesiredCapabilities chrome
INFO: Using `new ChromeOptions()` is preferred to `DesiredCapabilities.chrome()`
Starting ChromeDriver 2.41.578737 (49da6702b16031c40d63e5618de03a32ff6c197e) on port 40495
Only local connections are allowed.
[1579845254.999][WARNING]: Timed out connecting to Chrome, retrying...
Jan 24, 2020 11:24:17 AM org.openqa.selenium.remote.ProtocolHandshake createSession
INFO: Detected dialect: OSS
[1579845259.051][WARNING]: Timed out connecting to Chrome, retrying...
]]></system-err>
  </testcase>
  <testcase name="Material_Costing_TestCase_04" classname="com.automation.index.CalcuQuote_Material_Costing_Index" time="162.756">
    <failure message="Session ID is null. Using WebDriver after calling quit()?&#10;Build info: version: &apos;3.13.0&apos;, revision: &apos;2f0d292&apos;, time: &apos;2018-06-25T15:24:21.231Z&apos;&#10;System info: host: &apos;TGS153&apos;, ip: &apos;192.168.0.153&apos;, os.name: &apos;Windows 10&apos;, os.arch: &apos;amd64&apos;, os.version: &apos;10.0&apos;, java.version: &apos;1.8.0_221&apos;&#10;Driver info: driver.version: RemoteWebDriver" type="org.openqa.selenium.NoSuchSessionException">org.openqa.selenium.NoSuchSessionException: 
Session ID is null. Using WebDriver after calling quit()?
Build info: version: '3.13.0', revision: '2f0d292', time: '2018-06-25T15:24:21.231Z'
System info: host: 'TGS153', ip: '192.168.0.153', os.name: 'Windows 10', os.arch: 'amd64', os.version: '10.0', java.version: '1.8.0_221'
Driver info: driver.version: RemoteWebDriver
	at com.automation.index.CalcuQuote_Material_Costing_Index.Material_Costing_TestCase_04(CalcuQuote_Material_Costing_Index.java:510)
</failure>
    <system-out><![CDATA[I am in onTestFailure method Material_Costing_TestCase_02 failed

======================++++   >>  
TEST FAILED - Material_Costing_TestCase_02

ERROR MESSAGE: org.openqa.selenium.TimeoutException: Expected condition failed: waiting for element to be clickable: [[ChromeDriver: chrome on XP (6c58e474142c000600591f63aa45a6ba)] -> xpath: //button[text()='Submit']//i] (tried for 5 second(s) with 500 milliseconds interval)
Build info: version: '3.13.0', revision: '2f0d292', time: '2018-06-25T15:24:21.231Z'
System info: host: 'TGS153', ip: '192.168.0.153', os.name: 'Windows 10', os.arch: 'amd64', os.version: '10.0', java.version: '1.8.0_221'
Driver info: org.openqa.selenium.chrome.ChromeDriver
Capabilities {acceptInsecureCerts: false, acceptSslCerts: false, applicationCacheEnabled: false, browserConnectionEnabled: false, browserName: chrome, chrome: {chromedriverVersion: 2.41.578737 (49da6702b16031..., userDataDir: C:\Users\admin\AppData\Loca...}, cssSelectorsEnabled: true, databaseEnabled: false, goog:chromeOptions: {debuggerAddress: localhost:1093}, handlesAlerts: true, hasTouchScreen: false, javascriptEnabled: true, locationContextEnabled: true, mobileEmulationEnabled: false, nativeEvents: true, networkConnectionEnabled: false, pageLoadStrategy: normal, platform: XP, platformName: XP, rotatable: false, setWindowRect: true, takesHeapSnapshot: true, takesScreenshot: true, unexpectedAlertBehaviour: , unhandledPromptBehavior: , version: 79.0.3945.130, webStorageEnabled: true}
Session ID: 6c58e474142c000600591f63aa45a6ba


<br><Strong><font color=#FF0000>--Failed</font></strong>
<a href='screenshots/0124112739262Material_Costing_TestCase_02.png' target='_new'>0124112739262Material_Costing_TestCase_02.png</a>
<h3>Failure Reason:</h3>
org.openqa.selenium.TimeoutException: Expected condition failed: waiting for element to be clickable: [[ChromeDriver: chrome on XP (6c58e474142c000600591f63aa45a6ba)] -&gt; xpath: //button[text()=&apos;Submit&apos;]//i] (tried for 5 second(s) with 500 milliseconds interval)
Set up Start =====
creating directory: 
DIR created
=========Chorme Driver ==========
User profile name :Vipul Patel
I am in onTestStart method Material_Costing_TestCase_04 start
GetTest Method called
CQ_Material_Costing::Automation Script for MC: Quick Add Unit Cost.
Step 1:Open : https://qa.calcuquote.com/Staging2/
Url Display on windowhttps://qalogin.calcuquote.com/identity/login?signin=6aeba7b2896f3af32439da3640d31dbb
-----> Verified CalcuQuote home page is open <-----
Step 2: Enter Valid Credentials
---> Enter Username <---
---> Enter Password <---
============Apply NOw:::::::::Test::::::Login
---> Click on Login Button <---
Step 3: Select one of the existing RFQ
============Apply NOw:::::::::Test::::::
---> Click on RFQ List icon <---
Assembly no read from the text file:Automation_rBD
---> Enter Assembly No. <---
============Apply NOw:::::::::Test::::::18405
---> Click on Assembly Id. <---
Step 4: Import BOM
============Apply NOw:::::::::Test::::::
---> Click On Action Menu <---
============Apply NOw:::::::::Test::::::Delete BOM
---> Click On Delete BOM <---
============Apply NOw:::::::::Test::::::Delete
---> Click On Delete button<---
============Apply NOw:::::::::Test::::::
---> File Selected for Import <---
============Apply NOw:::::::::Test::::::Import
---> BOM imported <---
-----> Verified BOM Imported Successfully <-----
Step 5: Submit BOM
============Apply NOw:::::::::Test::::::Submit
---> Click on BOM Submit Button <---
============Apply NOw:::::::::Test::::::
---> Click on BOM Submit Button <---
============Apply NOw:::::::::Test::::::
-----> Verified Submit BOM is in progress <-----
Step 6: Navigate to Material Costing Page
============Apply NOw:::::::::Test::::::Material Costing
---> Click on Material Costing Tab <---
Step 7: Click Pricing Data Unavailable
]]></system-out>
    <system-err><![CDATA[----------->         null
Jan 24, 2020 11:27:39 AM org.openqa.selenium.remote.Augmenter extractRemoteWebDriver
WARNING: Augmenter should be applied to the instances of @Augmentable classes or previously augmented instances only (instance class was: class org.openqa.selenium.chrome.ChromeDriver)
File Path ==================C:\Users\admin\eclipse-workspace\CalcuQuote\Resources\chromedriver_2_41.exe
Jan 24, 2020 11:27:40 AM org.openqa.selenium.remote.DesiredCapabilities chrome
INFO: Using `new ChromeOptions()` is preferred to `DesiredCapabilities.chrome()`
Starting ChromeDriver 2.41.578737 (49da6702b16031c40d63e5618de03a32ff6c197e) on port 10627
Only local connections are allowed.
[1579845463.952][WARNING]: Timed out connecting to Chrome, retrying...
Jan 24, 2020 11:27:45 AM org.openqa.selenium.remote.ProtocolHandshake createSession
INFO: Detected dialect: OSS
[1579845467.985][WARNING]: Timed out connecting to Chrome, retrying...
]]></system-err>
  </testcase>
</testsuite>